2020â07â13 === [main] === %PARSER_ERROR[â5level] === com.example.log_demo.LogDemoApplicationTests ==== Starting LogDemoApplicationTests on wangdongdongdeMacBook-Pro.local with PID 98063 (started by wangdongdong in /Users/wangdongdong/Documents/meituan_code/study/log_demo)
2020â07â13 === [main] === %PARSER_ERROR[â5level] === com.example.log_demo.LogDemoApplicationTests ==== No active profile set, falling back to default profiles: default
2020â07â13 === [main] === %PARSER_ERROR[â5level] === o.s.scheduling.concurrent.ThreadPoolTaskExecutor ==== Initializing ExecutorService 'applicationTaskExecutor'
2020â07â13 === [main] === %PARSER_ERROR[â5level] === com.example.log_demo.LogDemoApplicationTests ==== Started LogDemoApplicationTests in 1.548 seconds (JVM running for 2.561)
2020â07â13 === [main] === %PARSER_ERROR[â5level] === com.example.log_demo.LogDemoApplicationTests ==== 这是info日志...
2020â07â13 === [main] === %PARSER_ERROR[â5level] === com.example.log_demo.LogDemoApplicationTests ==== 这是warn日志...
2020â07â13 === [main] === %PARSER_ERROR[â5level] === com.example.log_demo.LogDemoApplicationTests ==== 这是error日志...
2020â07â13 === [SpringContextShutdownHook] === %PARSER_ERROR[â5level] === o.s.scheduling.concurrent.ThreadPoolTaskExecutor ==== Shutting down ExecutorService 'applicationTaskExecutor'
2020â07â13 === [main] === %PARSER_ERROR[â5level] === com.example.log_demo.LogDemoApplicationTests ==== Starting LogDemoApplicationTests on wangdongdongdeMacBook-Pro.local with PID 99038 (started by wangdongdong in /Users/wangdongdong/Documents/meituan_code/study/log_demo)
2020â07â13 === [main] === %PARSER_ERROR[â5level] === com.example.log_demo.LogDemoApplicationTests ==== Running with Spring Boot v2.3.1.RELEASE, Spring v5.2.7.RELEASE
2020â07â13 === [main] === %PARSER_ERROR[â5level] === com.example.log_demo.LogDemoApplicationTests ==== No active profile set, falling back to default profiles: default
2020â07â13 === [main] === %PARSER_ERROR[â5level] === o.s.scheduling.concurrent.ThreadPoolTaskExecutor ==== Initializing ExecutorService 'applicationTaskExecutor'
2020â07â13 === [main] === %PARSER_ERROR[â5level] === com.example.log_demo.LogDemoApplicationTests ==== Started LogDemoApplicationTests in 1.693 seconds (JVM running for 2.623)
2020â07â13 === [main] === %PARSER_ERROR[â5level] === com.example.log_demo.LogDemoApplicationTests ==== 这是trace日志...
2020â07â13 === [main] === %PARSER_ERROR[â5level] === com.example.log_demo.LogDemoApplicationTests ==== 这是debug日志...
2020â07â13 === [main] === %PARSER_ERROR[â5level] === com.example.log_demo.LogDemoApplicationTests ==== 这是info日志...
2020â07â13 === [main] === %PARSER_ERROR[â5level] === com.example.log_demo.LogDemoApplicationTests ==== 这是warn日志...
2020â07â13 === [main] === %PARSER_ERROR[â5level] === com.example.log_demo.LogDemoApplicationTests ==== 这是error日志...
2020â07â13 === [SpringContextShutdownHook] === %PARSER_ERROR[â5level] === o.s.scheduling.concurrent.ThreadPoolTaskExecutor ==== Shutting down ExecutorService 'applicationTaskExecutor'
2020â07â13 === [main] === %PARSER_ERROR[â5level] === com.example.log_demo.LogDemoApplicationTests ==== Starting LogDemoApplicationTests on wangdongdongdeMacBook-Pro.local with PID 99211 (started by wangdongdong in /Users/wangdongdong/Documents/meituan_code/study/log_demo)
2020â07â13 === [main] === %PARSER_ERROR[â5level] === com.example.log_demo.LogDemoApplicationTests ==== No active profile set, falling back to default profiles: default
2020â07â13 === [main] === %PARSER_ERROR[â5level] === o.s.scheduling.concurrent.ThreadPoolTaskExecutor ==== Initializing ExecutorService 'applicationTaskExecutor'
2020â07â13 === [main] === %PARSER_ERROR[â5level] === com.example.log_demo.LogDemoApplicationTests ==== Started LogDemoApplicationTests in 1.897 seconds (JVM running for 3.607)
2020â07â13 === [main] === %PARSER_ERROR[â5level] === com.example.log_demo.LogDemoApplicationTests ==== 这是info日志...
2020â07â13 === [main] === %PARSER_ERROR[â5level] === com.example.log_demo.LogDemoApplicationTests ==== 这是warn日志...
2020â07â13 === [main] === %PARSER_ERROR[â5level] === com.example.log_demo.LogDemoApplicationTests ==== 这是error日志...
2020â07â13 === [SpringContextShutdownHook] === %PARSER_ERROR[â5level] === o.s.scheduling.concurrent.ThreadPoolTaskExecutor ==== Shutting down ExecutorService 'applicationTaskExecutor'
